----
=========================
* initializing converting
* Config string from File **was found**
* The char of end of line is : **@**
* Processing: **"fonts/Banner.flf"** 
* Entering to parse lines
* Creating and normalizing strings
Prepare for storage
 $ $@
 $ $@
 $ $@
 $ $@
 $ $@
 $ $@
 $ $@
Prepare for storage
* add one Char to the string 1 !
 ###$@
 ###$@
 ###$@
  # $@
    $@
 ###$@
 ###$@
Prepare for storage
* add one Char to the string 2 \"
 ### ###$@
 ### ###$@
  #   # $@
 $      $@
 $      $@
        $@
        $@
Prepare for storage
* add one Char to the string 3 #
   # #  $@
   # #  $@
 #######$@
   # #  $@
 #######$@
   # #  $@
   # #  $@
Prepare for storage
* add one Char to the string 4 $
  ##### $@
 #  #  #$@
 #  #   $@
  ##### $@
    #  #$@
 #  #  #$@
  ##### $@
Prepare for storage
* add one Char to the string 5 %
 ###   #$@
 # #  # $@
 ### #  $@
    #   $@
   # ###$@
  #  # #$@
 #   ###$@
Prepare for storage
* add one Char to the string 6 &
   ##   $@
  #  #  $@
   ##   $@
  ###   $@
 #   # #$@
 #    # $@
  ###  #$@
Prepare for storage
* add one Char to the string 7 '
 ###$@
 ###$@
  # $@
 #  $@
    $@
    $@
    $@
Prepare for storage
* add one Char to the string 8 (
   ##$@
  #  $@
 #   $@
 #   $@
 #   $@
  #  $@
   ##$@
Prepare for storage
* add one Char to the string 9 )
 ##  $@
   # $@
    #$@
    #$@
    #$@
   # $@
 ##  $@
Prepare for storage
* add one Char to the string 10 *
        $@
  #   # $@
   # #  $@
 #######$@
   # #  $@
  #   # $@
        $@
Prepare for storage
* add one Char to the string 11 +
      $@
   #  $@
   #  $@
 #####$@
   #  $@
   #  $@
      $@
Prepare for storage
* add one Char to the string 12 ,
    $@
    $@
    $@
    $@
 ###$@
 ###$@
  # $@
Prepare for storage
* add one Char to the string 13 -
      $@
      $@
      $@
 #####$@
      $@
      $@
      $@
Prepare for storage
* add one Char to the string 14 .
    $@
    $@
    $@
    $@
 ###$@
 ###$@
 ###$@
Prepare for storage
* add one Char to the string 15 /
       #$@
      # $@
     #  $@
    #   $@
   #    $@
  #     $@
 #      $@
Prepare for storage
* add one Char to the string 16 0
   ###  $@
  #   # $@
 #     #$@
 #     #$@
 #     #$@
  #   # $@
   ###  $@
Prepare for storage
* add one Char to the string 17 1
   #  $@
  ##  $@
 # #  $@
   #  $@
   #  $@
   #  $@
 #####$@
Prepare for storage
* add one Char to the string 18 2
  ##### $@
 #     #$@
       #$@
  ##### $@
 #      $@
 #      $@
 #######$@
Prepare for storage
* add one Char to the string 19 3
  ##### $@
 #     #$@
       #$@
  ##### $@
       #$@
 #     #$@
  ##### $@
Prepare for storage
* add one Char to the string 20 4
 #      $@
 #    # $@
 #    # $@
 #    # $@
 #######$@
      # $@
      # $@
Prepare for storage
* add one Char to the string 21 5
 #######$@
 #      $@
 #      $@
 ###### $@
       #$@
 #     #$@
  ##### $@
Prepare for storage
* add one Char to the string 22 6
  ##### $@
 #     #$@
 #      $@
 ###### $@
 #     #$@
 #     #$@
  ##### $@
Prepare for storage
* add one Char to the string 23 7
 #######$@
 #    # $@
     #  $@
    #   $@
   #    $@
   #    $@
   #    $@
Prepare for storage
* add one Char to the string 24 8
  ##### $@
 #     #$@
 #     #$@
  ##### $@
 #     #$@
 #     #$@
  ##### $@
Prepare for storage
* add one Char to the string 25 9
  ##### $@
 #     #$@
 #     #$@
  ######$@
       #$@
 #     #$@
  ##### $@
Prepare for storage
* add one Char to the string 26 :
  # $@
 ###$@
  # $@
    $@
  # $@
 ###$@
  # $@
Prepare for storage
* add one Char to the string 27 ;
    $@
 ###$@
 ###$@
    $@
 ###$@
 ###$@
  # $@
Prepare for storage
* add one Char to the string 28 <
    #$@
   # $@
  #  $@
 #   $@
  #  $@
   # $@
    #$@
Prepare for storage
* add one Char to the string 29 =
      $@
      $@
 #####$@
      $@
 #####$@
      $@
      $@
Prepare for storage
* add one Char to the string 30 >
 #   $@
  #  $@
   # $@
    #$@
   # $@
  #  $@
 #   $@
Prepare for storage
* add one Char to the string 31 ?
  ##### $@
 #     #$@
       #$@
    ### $@
    #   $@
        $@
    #   $@
Prepare for storage
* add one Char to the string 32 @
  ##### $@
 #     #$@
 # ### #$@
 # ### #$@
 # #### $@
 #      $@
  ##### $@
Prepare for storage
* add one Char to the string 33 A
    #   $@
   # #  $@
  #   # $@
 #     #$@
 #######$@
 #     #$@
 #     #$@
Prepare for storage
* add one Char to the string 34 B
 ###### $@
 #     #$@
 #     #$@
 ###### $@
 #     #$@
 #     #$@
 ###### $@
Prepare for storage
* add one Char to the string 35 C
  ##### $@
 #     #$@
 #      $@
 #      $@
 #      $@
 #     #$@
  ##### $@
Prepare for storage
* add one Char to the string 36 D
 ###### $@
 #     #$@
 #     #$@
 #     #$@
 #     #$@
 #     #$@
 ###### $@
Prepare for storage
* add one Char to the string 37 E
 #######$@
 #      $@
 #      $@
 #####  $@
 #      $@
 #      $@
 #######$@
Prepare for storage
* add one Char to the string 38 F
 #######$@
 #      $@
 #      $@
 #####  $@
 #      $@
 #      $@
 #      $@
Prepare for storage
* add one Char to the string 39 G
  ##### $@
 #     #$@
 #      $@
 #  ####$@
 #     #$@
 #     #$@
  ##### $@
Prepare for storage
* add one Char to the string 40 H
 #     #$@
 #     #$@
 #     #$@
 #######$@
 #     #$@
 #     #$@
 #     #$@
Prepare for storage
* add one Char to the string 41 I
 ###$@
  # $@
  # $@
  # $@
  # $@
  # $@
 ###$@
Prepare for storage
* add one Char to the string 42 J
       #$@
       #$@
       #$@
       #$@
 #     #$@
 #     #$@
  ##### $@
Prepare for storage
* add one Char to the string 43 K
 #    #$@
 #   # $@
 #  #  $@
 ###   $@
 #  #  $@
 #   # $@
 #    #$@
Prepare for storage
* add one Char to the string 44 L
 #      $@
 #      $@
 #      $@
 #      $@
 #      $@
 #      $@
 #######$@
Prepare for storage
* add one Char to the string 45 M
 #     #$@
 ##   ##$@
 # # # #$@
 #  #  #$@
 #     #$@
 #     #$@
 #     #$@
Prepare for storage
* add one Char to the string 46 N
 #     #$@
 ##    #$@
 # #   #$@
 #  #  #$@
 #   # #$@
 #    ##$@
 #     #$@
Prepare for storage
* add one Char to the string 47 O
 #######$@
 #     #$@
 #     #$@
 #     #$@
 #     #$@
 #     #$@
 #######$@
Prepare for storage
* add one Char to the string 48 P
 ###### $@
 #     #$@
 #     #$@
 ###### $@
 #      $@
 #      $@
 #      $@
Prepare for storage
* add one Char to the string 49 Q
  ##### $@
 #     #$@
 #     #$@
 #     #$@
 #   # #$@
 #    # $@
  #### #$@
Prepare for storage
* add one Char to the string 50 R
 ###### $@
 #     #$@
 #     #$@
 ###### $@
 #   #  $@
 #    # $@
 #     #$@
Prepare for storage
* add one Char to the string 51 S
  ##### $@
 #     #$@
 #      $@
  ##### $@
       #$@
 #     #$@
  ##### $@
Prepare for storage
* add one Char to the string 52 T
 #######$@
    #   $@
    #   $@
    #   $@
    #   $@
    #   $@
    #   $@
Prepare for storage
* add one Char to the string 53 U
 #     #$@
 #     #$@
 #     #$@
 #     #$@
 #     #$@
 #     #$@
  ##### $@
Prepare for storage
* add one Char to the string 54 V
 #     #$@
 #     #$@
 #     #$@
 #     #$@
  #   # $@
   # #  $@
    #   $@
Prepare for storage
* add one Char to the string 55 W
 #     #$@
 #  #  #$@
 #  #  #$@
 #  #  #$@
 #  #  #$@
 #  #  #$@
  ## ## $@
Prepare for storage
* add one Char to the string 56 X
 #     #$@
  #   # $@
   # #  $@
    #   $@
   # #  $@
  #   # $@
 #     #$@
Prepare for storage
* add one Char to the string 57 Y
 #     #$@
  #   # $@
   # #  $@
    #   $@
    #   $@
    #   $@
    #   $@
Prepare for storage
* add one Char to the string 58 Z
 #######$@
      # $@
     #  $@
    #   $@
   #    $@
  #     $@
 #######$@
Prepare for storage
* add one Char to the string 59 [
 #####$@
 #    $@
 #    $@
 #    $@
 #    $@
 #    $@
 #####$@
Prepare for storage
* add one Char to the string 60 \\
 #      $@
  #     $@
   #    $@
    #   $@
     #  $@
      # $@
       #$@
Prepare for storage
* add one Char to the string 61 ]
 #####$@
     #$@
     #$@
     #$@
     #$@
     #$@
 #####$@
Prepare for storage
* add one Char to the string 62 ^
   #  $@
  # # $@
 #   #$@
      $@
      $@
      $@
      $@
Prepare for storage
* add one Char to the string 63 _
        $@
        $@
        $@
        $@
        $@
        $@
        $@
Prepare for storage
* add one Char to the string 64 `
 ###$@
 ###$@
  # $@
   #$@
    $@
    $@
    $@
Prepare for storage
* add one Char to the string 65 a
       $@
   ##  $@
  #  # $@
 #    #$@
 ######$@
 #    #$@
 #    #$@
Prepare for storage
* add one Char to the string 66 b
       $@
 ##### $@
 #    #$@
 ##### $@
 #    #$@
 #    #$@
 ##### $@
Prepare for storage
* add one Char to the string 67 c
       $@
  #### $@
 #    #$@
 #     $@
 #     $@
 #    #$@
  #### $@
Prepare for storage
* add one Char to the string 68 d
       $@
 ##### $@
 #    #$@
 #    #$@
 #    #$@
 #    #$@
 ##### $@
Prepare for storage
* add one Char to the string 69 e
       $@
 ######$@
 #     $@
 ##### $@
 #     $@
 #     $@
 ######$@
Prepare for storage
* add one Char to the string 70 f
       $@
 ######$@
 #     $@
 ##### $@
 #     $@
 #     $@
 #     $@
Prepare for storage
* add one Char to the string 71 g
       $@
  #### $@
 #    #$@
 #     $@
 #  ###$@
 #    #$@
  #### $@
Prepare for storage
* add one Char to the string 72 h
       $@
 #    #$@
 #    #$@
 ######$@
 #    #$@
 #    #$@
 #    #$@
Prepare for storage
* add one Char to the string 73 i
  $@
 #$@
 #$@
 #$@
 #$@
 #$@
 #$@
Prepare for storage
* add one Char to the string 74 j
       $@
      #$@
      #$@
      #$@
      #$@
 #    #$@
  #### $@
Prepare for storage
* add one Char to the string 75 k
       $@
 #    #$@
 #   # $@
 ####  $@
 #  #  $@
 #   # $@
 #    #$@
Prepare for storage
* add one Char to the string 76 l
       $@
 #     $@
 #     $@
 #     $@
 #     $@
 #     $@
 ######$@
Prepare for storage
* add one Char to the string 77 m
       $@
 #    #$@
 ##  ##$@
 # ## #$@
 #    #$@
 #    #$@
 #    #$@
Prepare for storage
* add one Char to the string 78 n
       $@
 #    #$@
 ##   #$@
 # #  #$@
 #  # #$@
 #   ##$@
 #    #$@
Prepare for storage
* add one Char to the string 79 o
       $@
  #### $@
 #    #$@
 #    #$@
 #    #$@
 #    #$@
  #### $@
Prepare for storage
* add one Char to the string 80 p
       $@
 ##### $@
 #    #$@
 #    #$@
 ##### $@
 #     $@
 #     $@
Prepare for storage
* add one Char to the string 81 q
       $@
  #### $@
 #    #$@
 #    #$@
 #  # #$@
 #   # $@
  ### #$@
Prepare for storage
* add one Char to the string 82 r
       $@
 ##### $@
 #    #$@
 #    #$@
 ##### $@
 #   # $@
 #    #$@
Prepare for storage
* add one Char to the string 83 s
       $@
  #### $@
 #     $@
  #### $@
      #$@
 #    #$@
  #### $@
Prepare for storage
* add one Char to the string 84 t
      $@
 #####$@
   #  $@
   #  $@
   #  $@
   #  $@
   #  $@
Prepare for storage
* add one Char to the string 85 u
       $@
 #    #$@
 #    #$@
 #    #$@
 #    #$@
 #    #$@
  #### $@
Prepare for storage
* add one Char to the string 86 v
       $@
 #    #$@
 #    #$@
 #    #$@
 #    #$@
  #  # $@
   ##  $@
Prepare for storage
* add one Char to the string 87 w
       $@
 #    #$@
 #    #$@
 #    #$@
 # ## #$@
 ##  ##$@
 #    #$@
Prepare for storage
* add one Char to the string 88 x
       $@
 #    #$@
  #  # $@
   ##  $@
   ##  $@
  #  # $@
 #    #$@
Prepare for storage
* add one Char to the string 89 y
      $@
 #   #$@
  # # $@
   #  $@
   #  $@
   #  $@
   #  $@
Prepare for storage
* add one Char to the string 90 z
       $@
 ######$@
     # $@
    #  $@
   #   $@
  #    $@
 ######$@
Prepare for storage
* add one Char to the string 91 {
   ###$@
  #   $@
  #   $@
 ##   $@
  #   $@
  #   $@
   ###$@
Prepare for storage
* add one Char to the string 92 |
 #$@
 #$@
 #$@
  $@
 #$@
 #$@
 #$@
Prepare for storage
* add one Char to the string 93 }
 ###  $@
    # $@
    # $@
    ##$@
    # $@
    # $@
 ###  $@
Prepare for storage
* add one Char to the string 94 ~
  ##    $@
 #  #  #$@
     ## $@
        $@
        $@
        $@
        $@
Prepare for storage
* add one Char to the string 95 Ä
 #  #  #$@
   # #  $@
  #   # $@
 #     #$@
 #######$@
 #     #$@
 #     #$@
Prepare for storage
* add one Char to the string 96 Ö
 #     #$@
  ##### $@
 #     #$@
 #     #$@
 #     #$@
 #     #$@
  ##### $@
Prepare for storage
* add one Char to the string 97 Ü
 #     #$@
        $@
 #     #$@
 #     #$@
 #     #$@
 #     #$@
  ##### $@
Prepare for storage
* add one Char to the string 98 ä
       $@
 #    #$@
  #### $@
 #    #$@
 ######$@
 #    #$@
 #    #$@
Prepare for storage
* add one Char to the string 99 ö
       $@
 #    #$@
  #### $@
 #    #$@
 #    #$@
 #    #$@
  #### $@
Prepare for storage
* add one Char to the string 100 ü
       $@
 #    #$@
       $@
 #    #$@
 #    #$@
 #    #$@
  #### $@
Prepare for storage
* add one Char to the string 101 ß
 ###### $@
 #     #$@
 #     #$@
 ###### $@
 #     #$@
 #     #$@
 ###### $@
Prepare for storage
* add one Char to the string 102 
         $@
         $@
         $@
         $@
 ########$@
    ##   $@
    ##   $@
Prepare for storage
* add one Char to the string 103 
Captura de caracter EXTRA
HexaCode 169
 $@
 $@
 $@
 $@
 $@
 $@
 $@
Prepare for storage
* add one Char to the string 104 
Captura de caracter EXTRA
HexaCode 176
         $@
         $@
         $@
         $@
 ########$@
         $@
         $@
Prepare for storage
* add one Char to the string 105 
Captura de caracter EXTRA
HexaCode 178
    ##   $@
    ##   $@
    ##   $@
    ##   $@
 ########$@
    ##   $@
    ##   $@
Prepare for storage
* add one Char to the string 106 
Captura de caracter EXTRA
HexaCode 183
 ##   $@
 ##   $@
 #####$@
 ##   $@
 #####$@
 ##   $@
 ##   $@
Prepare for storage
* add one Char to the string 107 
Captura de caracter EXTRA
HexaCode 196
 #  #  #$@
   # #  $@
  #   # $@
 #     #$@
 #######$@
 #     #$@
 #     #$@
Prepare for storage
* add one Char to the string 108 
Captura de caracter EXTRA
HexaCode 214
 #     #$@
  ##### $@
 #     #$@
 #     #$@
 #     #$@
 #     #$@
  ##### $@
Prepare for storage
* add one Char to the string 109 
Captura de caracter EXTRA
HexaCode 220
 #     #$@
        $@
 #     #$@
 #     #$@
 #     #$@
 #     #$@
  ##### $@
Prepare for storage
* add one Char to the string 110 
Captura de caracter EXTRA
HexaCode 223
 ###### $@
 #     #$@
 #     #$@
 ###### $@
 #     #$@
 #     #$@
 ###### $@
Prepare for storage
* add one Char to the string 111 
Captura de caracter EXTRA
HexaCode 228
       $@
 #    #$@
  #### $@
 #    #$@
 ######$@
 #    #$@
 #    #$@
Prepare for storage
* add one Char to the string 112 
Captura de caracter EXTRA
HexaCode 246
       $@
 #    #$@
  #### $@
 #    #$@
 #    #$@
 #    #$@
  #### $@
Prepare for storage
* add one Char to the string 113 
Captura de caracter EXTRA
HexaCode 247
 #### $@
 #### $@
 #### $@
 #### $@
 #####$@
 #### $@
 #### $@
Prepare for storage
* add one Char to the string 114 
Captura de caracter EXTRA
HexaCode 252
       $@
 #    #$@
       $@
 #    #$@
 #    #$@
 #    #$@
  #### $@
Prepare for storage
* add one Char to the string 115 
Captura de caracter EXTRA
HexaCode 0x0401
 ########$@
 ########$@
 ########$@
 ########$@
 ########$@
 ########$@
 ########$@
Prepare for storage
* add one Char to the string 116 
Captura de caracter EXTRA
HexaCode 0x0410
    ####$@
   ## ##$@
  ##  ##$@
 ##   ##$@
 #######$@
 ##   ##$@
 ##   ##$@
Prepare for storage
* add one Char to the string 117 
Captura de caracter EXTRA
HexaCode 0x0411
 #######$@
 ##     $@
 ##     $@
 ###### $@
 ##   ##$@
 ##   ##$@
 ###### $@
Prepare for storage
* add one Char to the string 118 
Captura de caracter EXTRA
HexaCode 0x0412
 ###### $@
 ##   ##$@
 ##   ##$@
 ###### $@
 ##   ##$@
 ##   ##$@
 ###### $@
Prepare for storage
* add one Char to the string 119 
Captura de caracter EXTRA
HexaCode 0x0413
 #######$@
 ##     $@
 ##     $@
 ##     $@
 ##     $@
 ##     $@
 ##     $@
Prepare for storage
* add one Char to the string 120 
Captura de caracter EXTRA
HexaCode 0x0414
   #### $@
  ## ## $@
  ## ## $@
  ## ## $@
  ## ## $@
 #######$@
 ##   ##$@
Prepare for storage
* add one Char to the string 121 
Captura de caracter EXTRA
HexaCode 0x0415
 #######$@
 ##     $@
 ##     $@
 ###### $@
 ##     $@
 ##     $@
 #######$@
Prepare for storage
* add one Char to the string 122 
Captura de caracter EXTRA
HexaCode 0x0416
 ## # ##$@
  # # # $@
   ###  $@
   ###  $@
  # # # $@
  # # # $@
 ## # ##$@
Prepare for storage
* add one Char to the string 123 
Captura de caracter EXTRA
HexaCode 0x0417
  ##### $@
 ##   ##$@
      ##$@
    ##  $@
      ##$@
 ##   ##$@
  ##### $@
Prepare for storage
* add one Char to the string 124 
Captura de caracter EXTRA
HexaCode 0x0418
 ##   ##$@
 ##  ###$@
 ##  ###$@
 ## # ##$@
 ###  ##$@
 ##   ##$@
 ##   ##$@
Prepare for storage
* add one Char to the string 125 
Captura de caracter EXTRA
HexaCode 0x0419
 ## ## #$@
 ##   ##$@
 ##  ###$@
 ## # ##$@
 ###  ##$@
 ##   ##$@
 ##   ##$@
Prepare for storage
* add one Char to the string 126 
Captura de caracter EXTRA
HexaCode 0x041A
 ##   ##$@
 ##  ## $@
 ## ##  $@
 #####  $@
 ##  ## $@
 ##   ##$@
 ##   ##$@
Prepare for storage
* add one Char to the string 127 
Captura de caracter EXTRA
HexaCode 0x041B
   #####$@
  ##  ##$@
  ##  ##$@
  ##  ##$@
  ##  ##$@
  ##  ##$@
 ##   ##$@
Prepare for storage
* add one Char to the string 128 
Captura de caracter EXTRA
HexaCode 0x041C
 ##   ##$@
 ##   ##$@
 ### ###$@
 ## # ##$@
 ##   ##$@
 ##   ##$@
 ##   ##$@
Prepare for storage
* add one Char to the string 129 
Captura de caracter EXTRA
HexaCode 0x041D
 ##   ##$@
 ##   ##$@
 ##   ##$@
 #######$@
 ##   ##$@
 ##   ##$@
 ##   ##$@
Prepare for storage
* add one Char to the string 130 
Captura de caracter EXTRA
HexaCode 0x041E
  ##### $@
 ##   ##$@
 ##   ##$@
 ##   ##$@
 ##   ##$@
 ##   ##$@
  ##### $@
Prepare for storage
* add one Char to the string 131 
Captura de caracter EXTRA
HexaCode 0x041F
 #######$@
 ##   ##$@
 ##   ##$@
 ##   ##$@
 ##   ##$@
 ##   ##$@
 ##   ##$@
Prepare for storage
* add one Char to the string 132 
Captura de caracter EXTRA
HexaCode 0x0420
 ###### $@
 ##   ##$@
 ##   ##$@
 ###### $@
 ##     $@
 ##     $@
 ##     $@
Prepare for storage
* add one Char to the string 133 
Captura de caracter EXTRA
HexaCode 0x0421
  ##### $@
 ##   ##$@
 ##     $@
 ##     $@
 ##     $@
 ##   ##$@
  ##### $@
Prepare for storage
* add one Char to the string 134 
Captura de caracter EXTRA
HexaCode 0x0422
 ###### $@
   ##   $@
   ##   $@
   ##   $@
   ##   $@
   ##   $@
   ##   $@
Prepare for storage
* add one Char to the string 135 
Captura de caracter EXTRA
HexaCode 0x0423
 ##   ##$@
 ##   ##$@
 ##   ##$@
  ######$@
      ##$@
 ##   ##$@
  ##### $@
Prepare for storage
* add one Char to the string 136 
Captura de caracter EXTRA
HexaCode 0x0424
    #   $@
  ##### $@
 ## # ##$@
 ## # ##$@
 ## # ##$@
  ##### $@
    #   $@
Prepare for storage
* add one Char to the string 137 
Captura de caracter EXTRA
HexaCode 0x0425
 ##   ##$@
  ## ## $@
   ###  $@
   ###  $@
   ###  $@
  ## ## $@
 ##   ##$@
Prepare for storage
* add one Char to the string 138 
Captura de caracter EXTRA
HexaCode 0x0426
 ##  ## $@
 ##  ## $@
 ##  ## $@
 ##  ## $@
 ##  ## $@
 ##  ## $@
 #######$@
Prepare for storage
* add one Char to the string 139 
Captura de caracter EXTRA
HexaCode 0x0427
 ##   ##$@
 ##   ##$@
 ##   ##$@
  ######$@
      ##$@
      ##$@
      ##$@
Prepare for storage
* add one Char to the string 140 
Captura de caracter EXTRA
HexaCode 0x0428
 ## # ##$@
 ## # ##$@
 ## # ##$@
 ## # ##$@
 ## # ##$@
 ## # ##$@
 #######$@
Prepare for storage
* add one Char to the string 141 
Captura de caracter EXTRA
HexaCode 0x0429
 ## # ##$@
 ## # ##$@
 ## # ##$@
 ## # ##$@
 ## # ##$@
 ## # ##$@
 #######$@
Prepare for storage
* add one Char to the string 142 
Captura de caracter EXTRA
HexaCode 0x042A
 ###    $@
 ###    $@
  ##    $@
  ##### $@
  ##  ##$@
  ##  ##$@
  ##### $@
Prepare for storage
* add one Char to the string 143 
Captura de caracter EXTRA
HexaCode 0x042B
 ##   ##$@
 ##   ##$@
 ##   ##$@
 ####  #$@
 ##  # #$@
 ##  # #$@
 ####  #$@
Prepare for storage
* add one Char to the string 144 
Captura de caracter EXTRA
HexaCode 0x042C
 ##     $@
 ##     $@
 ##     $@
 ###### $@
 ##   ##$@
 ##   ##$@
 ###### $@
Prepare for storage
* add one Char to the string 145 
Captura de caracter EXTRA
HexaCode 0x042D
  ##### $@
 ##   ##$@
      ##$@
   #####$@
      ##$@
 ##   ##$@
  ##### $@
Prepare for storage
* add one Char to the string 146 
Captura de caracter EXTRA
HexaCode 0x042E
 ##  ## $@
 ## # ##$@
 ## # ##$@
 #### ##$@
 ## # ##$@
 ## # ##$@
 ##  ## $@
Prepare for storage
* add one Char to the string 147 
Captura de caracter EXTRA
HexaCode 0x042F
   #####$@
  ##  ##$@
  ##  ##$@
   #####$@
   ## ##$@
  ##  ##$@
 ##   ##$@
Prepare for storage
* add one Char to the string 148 
Captura de caracter EXTRA
HexaCode 0x0430
        $@
        $@
  ####  $@
     ## $@
  ##### $@
 ##  ## $@
  ######$@
Prepare for storage
* add one Char to the string 149 
Captura de caracter EXTRA
HexaCode 0x0431
        $@
     ## $@
  ####  $@
 ##     $@
 ###### $@
 ##   ##$@
  ##### $@
Prepare for storage
* add one Char to the string 150 
Captura de caracter EXTRA
HexaCode 0x0432
        $@
        $@
 #####  $@
 ##  ## $@
 ###### $@
 ##   ##$@
 ###### $@
Prepare for storage
* add one Char to the string 151 
Captura de caracter EXTRA
HexaCode 0x0433
        $@
        $@
  ##### $@
      ##$@
  ##### $@
 ##     $@
  ######$@
Prepare for storage
* add one Char to the string 152 
Captura de caracter EXTRA
HexaCode 0x0434
        $@
   #### $@
      ##$@
   #####$@
  ##  ##$@
 ##   ##$@
  ##### $@
Prepare for storage
* add one Char to the string 153 
Captura de caracter EXTRA
HexaCode 0x0435
        $@
        $@
  ##### $@
 ##   ##$@
 ###### $@
 ##     $@
  ##### $@
Prepare for storage
* add one Char to the string 154 
Captura de caracter EXTRA
HexaCode 0x0436
        $@
        $@
 ## # ##$@
  # # # $@
   ###  $@
  # # # $@
 ## # ##$@
Prepare for storage
* add one Char to the string 155 
Captura de caracter EXTRA
HexaCode 0x0437
        $@
        $@
  ##### $@
 ##   ##$@
    ### $@
 ##   ##$@
  ##### $@
Prepare for storage
* add one Char to the string 156 
Captura de caracter EXTRA
HexaCode 0x0438
        $@
        $@
 ##   ##$@
 ##  ###$@
 ## # ##$@
 ###  ##$@
 ##   ##$@
Prepare for storage
* add one Char to the string 157 
Captura de caracter EXTRA
HexaCode 0x0439
        $@
    ##  $@
 ##   ##$@
 ##  ###$@
 ## # ##$@
 ###  ##$@
 ##   ##$@
Prepare for storage
* add one Char to the string 158 
Captura de caracter EXTRA
HexaCode 0x043A
        $@
        $@
 ##   ##$@
 ##  ## $@
 #####  $@
 ##  ## $@
 ##   ##$@
Prepare for storage
* add one Char to the string 159 
Captura de caracter EXTRA
HexaCode 0x043B
        $@
        $@
   #####$@
  ##  ##$@
  ##  ##$@
  ##  ##$@
 ##   ##$@
Prepare for storage
* add one Char to the string 160 
Captura de caracter EXTRA
HexaCode 0x043C
        $@
        $@
 ##   ##$@
 ### ###$@
 ## # ##$@
 ##   ##$@
 ##   ##$@
Prepare for storage
* add one Char to the string 161 
Captura de caracter EXTRA
HexaCode 0x043D
        $@
        $@
 ##   ##$@
 ##   ##$@
 #######$@
 ##   ##$@
 ##   ##$@
Prepare for storage
* add one Char to the string 162 
Captura de caracter EXTRA
HexaCode 0x043E
        $@
        $@
  ##### $@
 ##   ##$@
 ##   ##$@
 ##   ##$@
  ##### $@
Prepare for storage
* add one Char to the string 163 
Captura de caracter EXTRA
HexaCode 0x043F
        $@
        $@
 ###### $@
 ##   ##$@
 ##   ##$@
 ##   ##$@
 ##   ##$@
Prepare for storage
* add one Char to the string 164 
Captura de caracter EXTRA
HexaCode 0x0440
        $@
        $@
 ###### $@
 ##   ##$@
 ###### $@
 ##     $@
 ##     $@
Prepare for storage
* add one Char to the string 165 
Captura de caracter EXTRA
HexaCode 0x0441
        $@
        $@
  ##### $@
 ##     $@
 ##     $@
 ##     $@
  ##### $@
Prepare for storage
* add one Char to the string 166 
Captura de caracter EXTRA
HexaCode 0x0442
        $@
        $@
 ###### $@
   ##   $@
   ##   $@
   ##   $@
   ##   $@
Prepare for storage
* add one Char to the string 167 
Captura de caracter EXTRA
HexaCode 0x0443
        $@
        $@
 ##   ##$@
 ##   ##$@
 ##   ##$@
  ######$@
      ##$@
Prepare for storage
* add one Char to the string 168 
Captura de caracter EXTRA
HexaCode 0x0444
        $@
    #   $@
  ##### $@
 ## # ##$@
 ## # ##$@
  ##### $@
    #   $@
Prepare for storage
* add one Char to the string 169 
Captura de caracter EXTRA
HexaCode 0x0445
        $@
        $@
 ##   ##$@
  ## ## $@
   ###  $@
  ## ## $@
 ##   ##$@
Prepare for storage
