d:\pcpp\asccitextgen\release\asccitextgen.ipdb
d:\pcpp\asccitextgen\release\asccitextgen.iobj
d:\pcpp\asccitextgen\app\release\asccitextgen.ipdb
d:\pcpp\asccitextgen\app\release\asccitextgen.iobj
d:\pcpp\asccitextgen\app\release\vc142.pdb
d:\pcpp\asccitextgen\app\release\main.obj
d:\pcpp\asccitextgen\app\release\functions_str.obj
d:\pcpp\asccitextgen\app\release\functions.obj
d:\pcpp\asccitextgen\app\release\fontmanager_class.obj
d:\pcpp\asccitextgen\app\release\configfont_class.obj
d:\pcpp\asccitextgen\app\release\fonts.obj
d:\pcpp\asccitextgen\release\asccitextgen.exe
d:\pcpp\asccitextgen\release\asccitextgen.pdb
d:\pcpp\asccitextgen\app\release\asccitextgen.exe
d:\pcpp\asccitextgen\app\release\asccitextgen.pdb
d:\pcpp\asccitextgen\app\release\asccitextgen.tlog\asccitextgen.write.1u.tlog
d:\pcpp\asccitextgen\app\release\asccitextgen.tlog\cl.command.1.tlog
d:\pcpp\asccitextgen\app\release\asccitextgen.tlog\cl.read.1.tlog
d:\pcpp\asccitextgen\app\release\asccitextgen.tlog\cl.write.1.tlog
d:\pcpp\asccitextgen\app\release\asccitextgen.tlog\link.command.1.tlog
d:\pcpp\asccitextgen\app\release\asccitextgen.tlog\link.read.1.tlog
d:\pcpp\asccitextgen\app\release\asccitextgen.tlog\link.write.1.tlog
